<?xml version="1.0" encoding="UTF-8"?>
<!-- Generated by org.testng.reporters.JUnitReportReporter -->
<testsuite hostname="DESKTOP-IP1CP8U" failures="0" tests="1" name="com.GermaneyIsCalling.qa.test.login.LoginTC" time="18.139" errors="0" timestamp="2024-09-07T09:44:52 IST" skipped="0">
  <testcase classname="com.GermaneyIsCalling.qa.test.login.LoginTC" name="loginTest" time="18.139"/>
  <system-out>
    <![CDATA[BothTrueJohn<==>John]]>
  </system-out>
</testsuite> <!-- com.GermaneyIsCalling.qa.test.login.LoginTC -->
